<?xml version="1.0" encoding="UTF-8"?>
<testsuite xmlns:xsi="http://www.w3.org/2001/XMLSchema-instance" xsi:noNamespaceSchemaLocation="https://maven.apache.org/surefire/maven-surefire-plugin/xsd/surefire-test-report-3.0.xsd" version="3.0" name="com.springbootapp.weatherapp.db.WeatherAppDbJunitTest" time="36.281" tests="3" errors="0" skipped="0" failures="0">
  <properties>
[...]
</properties>
  <testcase name="testGetForecastsByName" classname="com.springbootapp.weatherapp.db.WeatherAppDbJunitTest" time="1.034">
    <system-out><![CDATA[18:16:29.517 [main] INFO org.springframework.test.context.support.AnnotationConfigContextLoaderUtils -- Could not detect default configuration classes for test class [com.springbootapp.weatherapp.db.WeatherAppDbJunitTest]: WeatherAppDbJunitTest does not declare any static, non-private, non-final, nested classes annotated with @Configuration.
18:16:30.838 [main] INFO org.springframework.boot.test.context.SpringBootTestContextBootstrapper -- Found @SpringBootConfiguration com.springbootapp.weatherapp.WeatherAppApplication for test class com.springbootapp.weatherapp.db.WeatherAppDbJunitTest

  .   ____          _            __ _ _
 /\\ / ___'_ __ _ _(_)_ __  __ _ \ \ \ \
( ( )\___ | '_ | '_| | '_ \/ _` | \ \ \ \
 \\/  ___)| |_)| | | | | || (_| |  ) ) ) )
  '  |____| .__|_| |_|_| |_\__, | / / / /
 =========|_|==============|___/=/_/_/_/
 :: Spring Boot ::                (v3.1.2)

2023-08-12T18:16:35.459+02:00  INFO 31228 --- [           main] c.s.weatherapp.db.WeatherAppDbJunitTest  : Starting WeatherAppDbJunitTest using Java 17.0.7 with PID 31228 (started by destr in C:\Users\destr\IdeaProjects\weather-app)
2023-08-12T18:16:35.472+02:00  INFO 31228 --- [           main] c.s.weatherapp.db.WeatherAppDbJunitTest  : The following 1 profile is active: "dev"
2023-08-12T18:16:39.937+02:00  INFO 31228 --- [           main] .s.d.r.c.RepositoryConfigurationDelegate : Bootstrapping Spring Data JPA repositories in DEFAULT mode.
2023-08-12T18:16:40.104+02:00  INFO 31228 --- [           main] .s.d.r.c.RepositoryConfigurationDelegate : Finished Spring Data repository scanning in 92 ms. Found 0 JPA repository interfaces.
2023-08-12T18:16:42.356+02:00  WARN 31228 --- [           main] c.h.i.impl.HazelcastInstanceFactory      : Hazelcast is starting in a Java modular environment (Java 9 and newer) but without proper access to required Java packages. Use additional Java arguments to provide Hazelcast access to Java internal API. The internal API access is used to get the best performance results. Arguments to be used:
 --add-modules java.se --add-exports java.base/jdk.internal.ref=ALL-UNNAMED --add-opens java.base/java.lang=ALL-UNNAMED --add-opens java.base/sun.nio.ch=ALL-UNNAMED --add-opens java.management/sun.management=ALL-UNNAMED --add-opens jdk.management/com.sun.management.internal=ALL-UNNAMED
2023-08-12T18:16:43.204+02:00  WARN 31228 --- [           main] com.hazelcast.instance.AddressPicker     : [LOCAL] [dev] [5.3.1] Ignoring TCP_KEEPCOUNT. It seems your JDK does not support jdk.net.ExtendedSocketOptions on this OS. Try upgrading to the latest JDK or check with your JDK vendor.Alternatively, on Linux, configure tcp_keepalive_probes in the kernel (affecting default keep-alive configuration for all sockets): For more info see https://tldp.org/HOWTO/html_single/TCP-Keepalive-HOWTO/. If this isn't dealt with, idle connections could be closed prematurely.
2023-08-12T18:16:43.204+02:00  WARN 31228 --- [           main] com.hazelcast.instance.AddressPicker     : [LOCAL] [dev] [5.3.1] Ignoring TCP_KEEPIDLE. It seems your JDK does not support jdk.net.ExtendedSocketOptions on this OS. Try upgrading to the latest JDK or check with your JDK vendor.Alternatively, on Linux, configure tcp_keepalive_time in the kernel (affecting default keep-alive configuration for all sockets): For more info see https://tldp.org/HOWTO/html_single/TCP-Keepalive-HOWTO/. If this isn't dealt with, idle connections could be closed prematurely.
2023-08-12T18:16:43.204+02:00  WARN 31228 --- [           main] com.hazelcast.instance.AddressPicker     : [LOCAL] [dev] [5.3.1] Ignoring TCP_KEEPINTERVAL. It seems your JDK does not support jdk.net.ExtendedSocketOptions on this OS. Try upgrading to the latest JDK or check with your JDK vendor.Alternatively, on Linux, configure tcp_keepalive_intvl in the kernel (affecting default keep-alive configuration for all sockets): For more info see https://tldp.org/HOWTO/html_single/TCP-Keepalive-HOWTO/. If this isn't dealt with, idle connections could be closed prematurely.
2023-08-12T18:16:43.274+02:00  INFO 31228 --- [           main] com.hazelcast.system.logo                : [192.168.1.19]:5701 [dev] [5.3.1] 
	+       +  o    o     o     o---o o----o o      o---o     o     o----o o--o--o
	+ +   + +  |    |    / \       /  |      |     /         / \    |         |   
	+ + + + +  o----o   o   o     o   o----o |    o         o   o   o----o    |   
	+ +   + +  |    |  /     \   /    |      |     \       /     \       |    |   
	+       +  o    o o       o o---o o----o o----o o---o o       o o----o    o   
2023-08-12T18:16:43.274+02:00  INFO 31228 --- [           main] com.hazelcast.system                     : [192.168.1.19]:5701 [dev] [5.3.1] Copyright (c) 2008-2023, Hazelcast, Inc. All Rights Reserved.
2023-08-12T18:16:43.274+02:00  INFO 31228 --- [           main] com.hazelcast.system                     : [192.168.1.19]:5701 [dev] [5.3.1] Hazelcast Platform 5.3.1 (20230609 - 3e88b17) starting at [192.168.1.19]:5701
2023-08-12T18:16:43.275+02:00  INFO 31228 --- [           main] com.hazelcast.system                     : [192.168.1.19]:5701 [dev] [5.3.1] Cluster name: dev
2023-08-12T18:16:43.275+02:00  INFO 31228 --- [           main] com.hazelcast.system                     : [192.168.1.19]:5701 [dev] [5.3.1] Integrity Checker is disabled. Fail-fast on corrupted executables will not be performed. For more information, see the documentation for Integrity Checker.
2023-08-12T18:16:43.282+02:00  INFO 31228 --- [           main] com.hazelcast.system                     : [192.168.1.19]:5701 [dev] [5.3.1] The Jet engine is disabled.
To enable the Jet engine on the members, do one of the following:
  - Change member config using Java API: config.getJetConfig().setEnabled(true)
  - Change XML/YAML configuration property: Set hazelcast.jet.enabled to true
  - Add system property: -Dhz.jet.enabled=true (for Hazelcast embedded, works only when loading config via Config.load)
  - Add environment variable: HZ_JET_ENABLED=true (recommended when running container image. For Hazelcast embedded, works only when loading config via Config.load)
2023-08-12T18:16:43.820+02:00  INFO 31228 --- [           main] c.h.internal.tpc.TpcServerBootstrap      : [192.168.1.19]:5701 [dev] [5.3.1] TPC: disabled
2023-08-12T18:16:44.640+02:00  INFO 31228 --- [           main] com.hazelcast.system.security            : [192.168.1.19]:5701 [dev] [5.3.1] Enable DEBUG/FINE log level for log category com.hazelcast.system.security  or use -Dhazelcast.security.recommendations system property to see security recommendations and the status of current config.
2023-08-12T18:16:44.956+02:00  INFO 31228 --- [           main] com.hazelcast.instance.impl.Node         : [192.168.1.19]:5701 [dev] [5.3.1] Using Multicast discovery
2023-08-12T18:16:44.970+02:00  WARN 31228 --- [           main] com.hazelcast.cp.CPSubsystem             : [192.168.1.19]:5701 [dev] [5.3.1] CP Subsystem is not enabled. CP data structures will operate in UNSAFE mode! Please note that UNSAFE mode will not provide strong consistency guarantees.
2023-08-12T18:16:45.860+02:00  INFO 31228 --- [           main] c.h.internal.diagnostics.Diagnostics     : [192.168.1.19]:5701 [dev] [5.3.1] Diagnostics disabled. To enable add -Dhazelcast.diagnostics.enabled=true to the JVM arguments.
2023-08-12T18:16:45.874+02:00  INFO 31228 --- [           main] com.hazelcast.core.LifecycleService      : [192.168.1.19]:5701 [dev] [5.3.1] [192.168.1.19]:5701 is STARTING
2023-08-12T18:16:49.715+02:00  INFO 31228 --- [           main] c.h.internal.cluster.ClusterService      : [192.168.1.19]:5701 [dev] [5.3.1] 

Members {size:1, ver:1} [
	Member [192.168.1.19]:5701 - 97ea1ab3-fc36-402e-b87d-77c09cbadc91 this
]

2023-08-12T18:16:49.742+02:00  INFO 31228 --- [           main] com.hazelcast.core.LifecycleService      : [192.168.1.19]:5701 [dev] [5.3.1] [192.168.1.19]:5701 is STARTED
2023-08-12T18:16:50.383+02:00  INFO 31228 --- [           main] com.zaxxer.hikari.HikariDataSource       : HikariPool-1 - Starting...
2023-08-12T18:16:51.782+02:00  INFO 31228 --- [           main] com.zaxxer.hikari.pool.HikariPool        : HikariPool-1 - Added connection conn0: url=jdbc:h2:mem:testdb user=SA
2023-08-12T18:16:51.788+02:00  INFO 31228 --- [           main] com.zaxxer.hikari.HikariDataSource       : HikariPool-1 - Start completed.
2023-08-12T18:16:52.044+02:00  INFO 31228 --- [           main] o.hibernate.jpa.internal.util.LogHelper  : HHH000204: Processing PersistenceUnitInfo [name: default]
2023-08-12T18:16:52.282+02:00  INFO 31228 --- [           main] org.hibernate.Version                    : HHH000412: Hibernate ORM core version 6.2.6.Final
2023-08-12T18:16:52.290+02:00  INFO 31228 --- [           main] org.hibernate.cfg.Environment            : HHH000406: Using bytecode reflection optimizer
2023-08-12T18:16:53.004+02:00  INFO 31228 --- [           main] o.h.b.i.BytecodeProviderInitiator        : HHH000021: Bytecode provider name : bytebuddy
2023-08-12T18:16:53.492+02:00  INFO 31228 --- [           main] o.s.o.j.p.SpringPersistenceUnitInfo      : No LoadTimeWeaver setup: ignoring JPA class transformer
2023-08-12T18:16:54.569+02:00  INFO 31228 --- [           main] o.h.b.i.BytecodeProviderInitiator        : HHH000021: Bytecode provider name : bytebuddy
2023-08-12T18:16:56.505+02:00  INFO 31228 --- [           main] o.h.e.t.j.p.i.JtaPlatformInitiator       : HHH000490: Using JtaPlatform implementation: [org.hibernate.engine.transaction.jta.platform.internal.NoJtaPlatform]
2023-08-12T18:16:56.619+02:00  WARN 31228 --- [           main] o.h.t.s.i.ExceptionHandlerLoggedImpl     : GenerationTarget encountered exception accepting command : Error executing DDL "create table prob_precipitation (value integer, forecast_id bigint, id bigint generated by default as identity, period varchar(255), primary key (id))" via JDBC [Error de Sintaxis en sentencia SQL "create table prob_precipitation ([*]value integer, forecast_id bigint, id bigint generated by default as identity, period varchar(255), primary key (id))"; se esperaba "identifier"
Syntax error in SQL statement "create table prob_precipitation ([*]value integer, forecast_id bigint, id bigint generated by default as identity, period varchar(255), primary key (id))"; expected "identifier";]

org.hibernate.tool.schema.spi.CommandAcceptanceException: Error executing DDL "create table prob_precipitation (value integer, forecast_id bigint, id bigint generated by default as identity, period varchar(255), primary key (id))" via JDBC [Error de Sintaxis en sentencia SQL "create table prob_precipitation ([*]value integer, forecast_id bigint, id bigint generated by default as identity, period varchar(255), primary key (id))"; se esperaba "identifier"
Syntax error in SQL statement "create table prob_precipitation ([*]value integer, forecast_id bigint, id bigint generated by default as identity, period varchar(255), primary key (id))"; expected "identifier";]
	at org.hibernate.tool.schema.internal.exec.GenerationTargetToDatabase.accept(GenerationTargetToDatabase.java:92) ~[hibernate-core-6.2.6.Final.jar:6.2.6.Final]
	at org.hibernate.tool.schema.internal.Helper.applySqlString(Helper.java:235) ~[hibernate-core-6.2.6.Final.jar:6.2.6.Final]
	at org.hibernate.tool.schema.internal.Helper.applySqlStrings(Helper.java:219) ~[hibernate-core-6.2.6.Final.jar:6.2.6.Final]
	at org.hibernate.tool.schema.internal.SchemaCreatorImpl.createTables(SchemaCreatorImpl.java:419) ~[hibernate-core-6.2.6.Final.jar:6.2.6.Final]
	at org.hibernate.tool.schema.internal.SchemaCreatorImpl.createSequencesTablesConstraints(SchemaCreatorImpl.java:340) ~[hibernate-core-6.2.6.Final.jar:6.2.6.Final]
	at org.hibernate.tool.schema.internal.SchemaCreatorImpl.createFromMetadata(SchemaCreatorImpl.java:239) ~[hibernate-core-6.2.6.Final.jar:6.2.6.Final]
	at org.hibernate.tool.schema.internal.SchemaCreatorImpl.performCreation(SchemaCreatorImpl.java:172) ~[hibernate-core-6.2.6.Final.jar:6.2.6.Final]
	at org.hibernate.tool.schema.internal.SchemaCreatorImpl.doCreation(SchemaCreatorImpl.java:142) ~[hibernate-core-6.2.6.Final.jar:6.2.6.Final]
	at org.hibernate.tool.schema.internal.SchemaCreatorImpl.doCreation(SchemaCreatorImpl.java:118) ~[hibernate-core-6.2.6.Final.jar:6.2.6.Final]
	at org.hibernate.tool.schema.spi.SchemaManagementToolCoordinator.performDatabaseAction(SchemaManagementToolCoordinator.java:254) ~[hibernate-core-6.2.6.Final.jar:6.2.6.Final]
	at org.hibernate.tool.schema.spi.SchemaManagementToolCoordinator.lambda$process$5(SchemaManagementToolCoordinator.java:143) ~[hibernate-core-6.2.6.Final.jar:6.2.6.Final]
	at java.base/java.util.HashMap.forEach(HashMap.java:1421) ~[na:na]
	at org.hibernate.tool.schema.spi.SchemaManagementToolCoordinator.process(SchemaManagementToolCoordinator.java:140) ~[hibernate-core-6.2.6.Final.jar:6.2.6.Final]
	at org.hibernate.boot.internal.SessionFactoryObserverForSchemaExport.sessionFactoryCreated(SessionFactoryObserverForSchemaExport.java:37) ~[hibernate-core-6.2.6.Final.jar:6.2.6.Final]
	at org.hibernate.internal.SessionFactoryObserverChain.sessionFactoryCreated(SessionFactoryObserverChain.java:35) ~[hibernate-core-6.2.6.Final.jar:6.2.6.Final]
	at org.hibernate.internal.SessionFactoryImpl.<init>(SessionFactoryImpl.java:292) ~[hibernate-core-6.2.6.Final.jar:6.2.6.Final]
	at org.hibernate.boot.internal.SessionFactoryBuilderImpl.build(SessionFactoryBuilderImpl.java:431) ~[hibernate-core-6.2.6.Final.jar:6.2.6.Final]
	at org.hibernate.jpa.boot.internal.EntityManagerFactoryBuilderImpl.build(EntityManagerFactoryBuilderImpl.java:1455) ~[hibernate-core-6.2.6.Final.jar:6.2.6.Final]
	at org.springframework.orm.jpa.vendor.SpringHibernateJpaPersistenceProvider.createContainerEntityManagerFactory(SpringHibernateJpaPersistenceProvider.java:75) ~[spring-orm-6.0.11.jar:6.0.11]
	at org.springframework.orm.jpa.LocalContainerEntityManagerFactoryBean.createNativeEntityManagerFactory(LocalContainerEntityManagerFactoryBean.java:376) ~[spring-orm-6.0.11.jar:6.0.11]
	at org.springframework.orm.jpa.AbstractEntityManagerFactoryBean.buildNativeEntityManagerFactory(AbstractEntityManagerFactoryBean.java:409) ~[spring-orm-6.0.11.jar:6.0.11]
	at org.springframework.orm.jpa.AbstractEntityManagerFactoryBean.afterPropertiesSet(AbstractEntityManagerFactoryBean.java:396) ~[spring-orm-6.0.11.jar:6.0.11]
	at org.springframework.orm.jpa.LocalContainerEntityManagerFactoryBean.afterPropertiesSet(LocalContainerEntityManagerFactoryBean.java:352) ~[spring-orm-6.0.11.jar:6.0.11]
	at org.springframework.beans.factory.support.AbstractAutowireCapableBeanFactory.invokeInitMethods(AbstractAutowireCapableBeanFactory.java:1817) ~[spring-beans-6.0.11.jar:6.0.11]
	at org.springframework.beans.factory.support.AbstractAutowireCapableBeanFactory.initializeBean(AbstractAutowireCapableBeanFactory.java:1766) ~[spring-beans-6.0.11.jar:6.0.11]
	at org.springframework.beans.factory.support.AbstractAutowireCapableBeanFactory.doCreateBean(AbstractAutowireCapableBeanFactory.java:598) ~[spring-beans-6.0.11.jar:6.0.11]
	at org.springframework.beans.factory.support.AbstractAutowireCapableBeanFactory.createBean(AbstractAutowireCapableBeanFactory.java:520) ~[spring-beans-6.0.11.jar:6.0.11]
	at org.springframework.beans.factory.support.AbstractBeanFactory.lambda$doGetBean$0(AbstractBeanFactory.java:326) ~[spring-beans-6.0.11.jar:6.0.11]
	at org.springframework.beans.factory.support.DefaultSingletonBeanRegistry.getSingleton(DefaultSingletonBeanRegistry.java:234) ~[spring-beans-6.0.11.jar:6.0.11]
	at org.springframework.beans.factory.support.AbstractBeanFactory.doGetBean(AbstractBeanFactory.java:324) ~[spring-beans-6.0.11.jar:6.0.11]
	at org.springframework.beans.factory.support.AbstractBeanFactory.getBean(AbstractBeanFactory.java:200) ~[spring-beans-6.0.11.jar:6.0.11]
	at org.springframework.context.support.AbstractApplicationContext.getBean(AbstractApplicationContext.java:1155) ~[spring-context-6.0.11.jar:6.0.11]
	at org.springframework.context.support.AbstractApplicationContext.finishBeanFactoryInitialization(AbstractApplicationContext.java:932) ~[spring-context-6.0.11.jar:6.0.11]
	at org.springframework.context.support.AbstractApplicationContext.refresh(AbstractApplicationContext.java:608) ~[spring-context-6.0.11.jar:6.0.11]
	at org.springframework.boot.SpringApplication.refresh(SpringApplication.java:734) ~[spring-boot-3.1.2.jar:3.1.2]
	at org.springframework.boot.SpringApplication.refreshContext(SpringApplication.java:436) ~[spring-boot-3.1.2.jar:3.1.2]
	at org.springframework.boot.SpringApplication.run(SpringApplication.java:312) ~[spring-boot-3.1.2.jar:3.1.2]
	at org.springframework.boot.test.context.SpringBootContextLoader.lambda$loadContext$3(SpringBootContextLoader.java:137) ~[spring-boot-test-3.1.2.jar:3.1.2]
	at org.springframework.util.function.ThrowingSupplier.get(ThrowingSupplier.java:58) ~[spring-core-6.0.11.jar:6.0.11]
	at org.springframework.util.function.ThrowingSupplier.get(ThrowingSupplier.java:46) ~[spring-core-6.0.11.jar:6.0.11]
	at org.springframework.boot.SpringApplication.withHook(SpringApplication.java:1406) ~[spring-boot-3.1.2.jar:3.1.2]
	at org.springframework.boot.test.context.SpringBootContextLoader$ContextLoaderHook.run(SpringBootContextLoader.java:545) ~[spring-boot-test-3.1.2.jar:3.1.2]
	at org.springframework.boot.test.context.SpringBootContextLoader.loadContext(SpringBootContextLoader.java:137) ~[spring-boot-test-3.1.2.jar:3.1.2]
	at org.springframework.boot.test.context.SpringBootContextLoader.loadContext(SpringBootContextLoader.java:108) ~[spring-boot-test-3.1.2.jar:3.1.2]
	at org.springframework.test.context.cache.DefaultCacheAwareContextLoaderDelegate.loadContextInternal(DefaultCacheAwareContextLoaderDelegate.java:187) ~[spring-test-6.0.11.jar:6.0.11]
	at org.springframework.test.context.cache.DefaultCacheAwareContextLoaderDelegate.loadContext(DefaultCacheAwareContextLoaderDelegate.java:119) ~[spring-test-6.0.11.jar:6.0.11]
	at org.springframework.test.context.support.DefaultTestContext.getApplicationContext(DefaultTestContext.java:127) ~[spring-test-6.0.11.jar:6.0.11]
	at org.springframework.test.context.web.ServletTestExecutionListener.setUpRequestContextIfNecessary(ServletTestExecutionListener.java:191) ~[spring-test-6.0.11.jar:6.0.11]
	at org.springframework.test.context.web.ServletTestExecutionListener.prepareTestInstance(ServletTestExecutionListener.java:130) ~[spring-test-6.0.11.jar:6.0.11]
	at org.springframework.test.context.TestContextManager.prepareTestInstance(TestContextManager.java:241) ~[spring-test-6.0.11.jar:6.0.11]
	at org.springframework.test.context.junit.jupiter.SpringExtension.postProcessTestInstance(SpringExtension.java:138) ~[spring-test-6.0.11.jar:6.0.11]
	at org.junit.jupiter.engine.descriptor.ClassBasedTestDescriptor.lambda$invokeTestInstancePostProcessors$10(ClassBasedTestDescriptor.java:377) ~[junit-jupiter-engine-5.9.3.jar:5.9.3]
	at org.junit.jupiter.engine.descriptor.ClassBasedTestDescriptor.executeAndMaskThrowable(ClassBasedTestDescriptor.java:382) ~[junit-jupiter-engine-5.9.3.jar:5.9.3]
	at org.junit.jupiter.engine.descriptor.ClassBasedTestDescriptor.lambda$invokeTestInstancePostProcessors$11(ClassBasedTestDescriptor.java:377) ~[junit-jupiter-engine-5.9.3.jar:5.9.3]
	at java.base/java.util.stream.ReferencePipeline$3$1.accept(ReferencePipeline.java:197) ~[na:na]
	at java.base/java.util.stream.ReferencePipeline$2$1.accept(ReferencePipeline.java:179) ~[na:na]
	at java.base/java.util.ArrayList$ArrayListSpliterator.forEachRemaining(ArrayList.java:1625) ~[na:na]
	at java.base/java.util.stream.AbstractPipeline.copyInto(AbstractPipeline.java:509) ~[na:na]
	at java.base/java.util.stream.AbstractPipeline.wrapAndCopyInto(AbstractPipeline.java:499) ~[na:na]
	at java.base/java.util.stream.StreamSpliterators$WrappingSpliterator.forEachRemaining(StreamSpliterators.java:310) ~[na:na]
	at java.base/java.util.stream.Streams$ConcatSpliterator.forEachRemaining(Streams.java:735) ~[na:na]
	at java.base/java.util.stream.Streams$ConcatSpliterator.forEachRemaining(Streams.java:734) ~[na:na]
	at java.base/java.util.stream.ReferencePipeline$Head.forEach(ReferencePipeline.java:762) ~[na:na]
	at org.junit.jupiter.engine.descriptor.ClassBasedTestDescriptor.invokeTestInstancePostProcessors(ClassBasedTestDescriptor.java:376) ~[junit-jupiter-engine-5.9.3.jar:5.9.3]
	at org.junit.jupiter.engine.descriptor.ClassBasedTestDescriptor.lambda$instantiateAndPostProcessTestInstance$6(ClassBasedTestDescriptor.java:289) ~[junit-jupiter-engine-5.9.3.jar:5.9.3]
	at org.junit.platform.engine.support.hierarchical.ThrowableCollector.execute(ThrowableCollector.java:73) ~[junit-platform-engine-1.9.3.jar:1.9.3]
	at org.junit.jupiter.engine.descriptor.ClassBasedTestDescriptor.instantiateAndPostProcessTestInstance(ClassBasedTestDescriptor.java:288) ~[junit-jupiter-engine-5.9.3.jar:5.9.3]
	at org.junit.jupiter.engine.descriptor.ClassBasedTestDescriptor.lambda$testInstancesProvider$4(ClassBasedTestDescriptor.java:278) ~[junit-jupiter-engine-5.9.3.jar:5.9.3]
	at java.base/java.util.Optional.orElseGet(Optional.java:364) ~[na:na]
	at org.junit.jupiter.engine.descriptor.ClassBasedTestDescriptor.lambda$testInstancesProvider$5(ClassBasedTestDescriptor.java:277) ~[junit-jupiter-engine-5.9.3.jar:5.9.3]
	at org.junit.jupiter.engine.execution.TestInstancesProvider.getTestInstances(TestInstancesProvider.java:31) ~[junit-jupiter-engine-5.9.3.jar:5.9.3]
	at org.junit.jupiter.engine.descriptor.TestMethodTestDescriptor.lambda$prepare$0(TestMethodTestDescriptor.java:105) ~[junit-jupiter-engine-5.9.3.jar:5.9.3]
	at org.junit.platform.engine.support.hierarchical.ThrowableCollector.execute(ThrowableCollector.java:73) ~[junit-platform-engine-1.9.3.jar:1.9.3]
	at org.junit.jupiter.engine.descriptor.TestMethodTestDescriptor.prepare(TestMethodTestDescriptor.java:104) ~[junit-jupiter-engine-5.9.3.jar:5.9.3]
	at org.junit.jupiter.engine.descriptor.TestMethodTestDescriptor.prepare(TestMethodTestDescriptor.java:68) ~[junit-jupiter-engine-5.9.3.jar:5.9.3]
	at org.junit.platform.engine.support.hierarchical.NodeTestTask.lambda$prepare$2(NodeTestTask.java:123) ~[junit-platform-engine-1.9.3.jar:1.9.3]
	at org.junit.platform.engine.support.hierarchical.ThrowableCollector.execute(ThrowableCollector.java:73) ~[junit-platform-engine-1.9.3.jar:1.9.3]
	at org.junit.platform.engine.support.hierarchical.NodeTestTask.prepare(NodeTestTask.java:123) ~[junit-platform-engine-1.9.3.jar:1.9.3]
	at org.junit.platform.engine.support.hierarchical.NodeTestTask.execute(NodeTestTask.java:90) ~[junit-platform-engine-1.9.3.jar:1.9.3]
	at java.base/java.util.ArrayList.forEach(ArrayList.java:1511) ~[na:na]
	at org.junit.platform.engine.support.hierarchical.SameThreadHierarchicalTestExecutorService.invokeAll(SameThreadHierarchicalTestExecutorService.java:41) ~[junit-platform-engine-1.9.3.jar:1.9.3]
	at org.junit.platform.engine.support.hierarchical.NodeTestTask.lambda$executeRecursively$6(NodeTestTask.java:155) ~[junit-platform-engine-1.9.3.jar:1.9.3]
	at org.junit.platform.engine.support.hierarchical.ThrowableCollector.execute(ThrowableCollector.java:73) ~[junit-platform-engine-1.9.3.jar:1.9.3]
	at org.junit.platform.engine.support.hierarchical.NodeTestTask.lambda$executeRecursively$8(NodeTestTask.java:141) ~[junit-platform-engine-1.9.3.jar:1.9.3]
	at org.junit.platform.engine.support.hierarchical.Node.around(Node.java:137) ~[junit-platform-engine-1.9.3.jar:1.9.3]
	at org.junit.platform.engine.support.hierarchical.NodeTestTask.lambda$executeRecursively$9(NodeTestTask.java:139) ~[junit-platform-engine-1.9.3.jar:1.9.3]
	at org.junit.platform.engine.support.hierarchical.ThrowableCollector.execute(ThrowableCollector.java:73) ~[junit-platform-engine-1.9.3.jar:1.9.3]
	at org.junit.platform.engine.support.hierarchical.NodeTestTask.executeRecursively(NodeTestTask.java:138) ~[junit-platform-engine-1.9.3.jar:1.9.3]
	at org.junit.platform.engine.support.hierarchical.NodeTestTask.execute(NodeTestTask.java:95) ~[junit-platform-engine-1.9.3.jar:1.9.3]
	at java.base/java.util.ArrayList.forEach(ArrayList.java:1511) ~[na:na]
	at org.junit.platform.engine.support.hierarchical.SameThreadHierarchicalTestExecutorService.invokeAll(SameThreadHierarchicalTestExecutorService.java:41) ~[junit-platform-engine-1.9.3.jar:1.9.3]
	at org.junit.platform.engine.support.hierarchical.NodeTestTask.lambda$executeRecursively$6(NodeTestTask.java:155) ~[junit-platform-engine-1.9.3.jar:1.9.3]
	at org.junit.platform.engine.support.hierarchical.ThrowableCollector.execute(ThrowableCollector.java:73) ~[junit-platform-engine-1.9.3.jar:1.9.3]
	at org.junit.platform.engine.support.hierarchical.NodeTestTask.lambda$executeRecursively$8(NodeTestTask.java:141) ~[junit-platform-engine-1.9.3.jar:1.9.3]
	at org.junit.platform.engine.support.hierarchical.Node.around(Node.java:137) ~[junit-platform-engine-1.9.3.jar:1.9.3]
	at org.junit.platform.engine.support.hierarchical.NodeTestTask.lambda$executeRecursively$9(NodeTestTask.java:139) ~[junit-platform-engine-1.9.3.jar:1.9.3]
	at org.junit.platform.engine.support.hierarchical.ThrowableCollector.execute(ThrowableCollector.java:73) ~[junit-platform-engine-1.9.3.jar:1.9.3]
	at org.junit.platform.engine.support.hierarchical.NodeTestTask.executeRecursively(NodeTestTask.java:138) ~[junit-platform-engine-1.9.3.jar:1.9.3]
	at org.junit.platform.engine.support.hierarchical.NodeTestTask.execute(NodeTestTask.java:95) ~[junit-platform-engine-1.9.3.jar:1.9.3]
	at org.junit.platform.engine.support.hierarchical.SameThreadHierarchicalTestExecutorService.submit(SameThreadHierarchicalTestExecutorService.java:35) ~[junit-platform-engine-1.9.3.jar:1.9.3]
	at org.junit.platform.engine.support.hierarchical.HierarchicalTestExecutor.execute(HierarchicalTestExecutor.java:57) ~[junit-platform-engine-1.9.3.jar:1.9.3]
	at org.junit.platform.engine.support.hierarchical.HierarchicalTestEngine.execute(HierarchicalTestEngine.java:54) ~[junit-platform-engine-1.9.3.jar:1.9.3]
	at org.junit.platform.launcher.core.EngineExecutionOrchestrator.execute(EngineExecutionOrchestrator.java:147) ~[junit-platform-launcher-1.9.3.jar:1.9.3]
	at org.junit.platform.launcher.core.EngineExecutionOrchestrator.execute(EngineExecutionOrchestrator.java:127) ~[junit-platform-launcher-1.9.3.jar:1.9.3]
	at org.junit.platform.launcher.core.EngineExecutionOrchestrator.execute(EngineExecutionOrchestrator.java:90) ~[junit-platform-launcher-1.9.3.jar:1.9.3]
	at org.junit.platform.launcher.core.EngineExecutionOrchestrator.lambda$execute$0(EngineExecutionOrchestrator.java:55) ~[junit-platform-launcher-1.9.3.jar:1.9.3]
	at org.junit.platform.launcher.core.EngineExecutionOrchestrator.withInterceptedStreams(EngineExecutionOrchestrator.java:102) ~[junit-platform-launcher-1.9.3.jar:1.9.3]
	at org.junit.platform.launcher.core.EngineExecutionOrchestrator.execute(EngineExecutionOrchestrator.java:54) ~[junit-platform-launcher-1.9.3.jar:1.9.3]
	at org.junit.platform.launcher.core.DefaultLauncher.execute(DefaultLauncher.java:114) ~[junit-platform-launcher-1.9.3.jar:1.9.3]
	at org.junit.platform.launcher.core.DefaultLauncher.execute(DefaultLauncher.java:86) ~[junit-platform-launcher-1.9.3.jar:1.9.3]
	at org.junit.platform.launcher.core.DefaultLauncherSession$DelegatingLauncher.execute(DefaultLauncherSession.java:86) ~[junit-platform-launcher-1.9.3.jar:1.9.3]
	at org.apache.maven.surefire.junitplatform.LazyLauncher.execute(LazyLauncher.java:55) ~[surefire-junit-platform-3.0.0-M9.jar:3.0.0-M9]
	at org.apache.maven.surefire.junitplatform.JUnitPlatformProvider.execute(JUnitPlatformProvider.java:223) ~[surefire-junit-platform-3.0.0-M9.jar:3.0.0-M9]
	at org.apache.maven.surefire.junitplatform.JUnitPlatformProvider.invokeAllTests(JUnitPlatformProvider.java:175) ~[surefire-junit-platform-3.0.0-M9.jar:3.0.0-M9]
	at org.apache.maven.surefire.junitplatform.JUnitPlatformProvider.invoke(JUnitPlatformProvider.java:139) ~[surefire-junit-platform-3.0.0-M9.jar:3.0.0-M9]
	at org.apache.maven.surefire.booter.ForkedBooter.runSuitesInProcess(ForkedBooter.java:456) ~[surefire-booter-3.0.0-M9.jar:3.0.0-M9]
	at org.apache.maven.surefire.booter.ForkedBooter.execute(ForkedBooter.java:169) ~[surefire-booter-3.0.0-M9.jar:3.0.0-M9]
	at org.apache.maven.surefire.booter.ForkedBooter.run(ForkedBooter.java:595) ~[surefire-booter-3.0.0-M9.jar:3.0.0-M9]
	at org.apache.maven.surefire.booter.ForkedBooter.main(ForkedBooter.java:581) ~[surefire-booter-3.0.0-M9.jar:3.0.0-M9]
Caused by: org.h2.jdbc.JdbcSQLSyntaxErrorException: Error de Sintaxis en sentencia SQL "create table prob_precipitation ([*]value integer, forecast_id bigint, id bigint generated by default as identity, period varchar(255), primary key (id))"; se esperaba "identifier"
Syntax error in SQL statement "create table prob_precipitation ([*]value integer, forecast_id bigint, id bigint generated by default as identity, period varchar(255), primary key (id))"; expected "identifier"; SQL statement:
create table prob_precipitation (value integer, forecast_id bigint, id bigint generated by default as identity, period varchar(255), primary key (id)) [42001-214]
	at org.h2.message.DbException.getJdbcSQLException(DbException.java:502) ~[h2-2.1.214.jar:2.1.214]
	at org.h2.message.DbException.getJdbcSQLException(DbException.java:477) ~[h2-2.1.214.jar:2.1.214]
	at org.h2.message.DbException.getSyntaxError(DbException.java:261) ~[h2-2.1.214.jar:2.1.214]
	at org.h2.command.Parser.readIdentifier(Parser.java:5656) ~[h2-2.1.214.jar:2.1.214]
	at org.h2.command.Parser.parseTableColumnDefinition(Parser.java:9326) ~[h2-2.1.214.jar:2.1.214]
	at org.h2.command.Parser.parseCreateTable(Parser.java:9271) ~[h2-2.1.214.jar:2.1.214]
	at org.h2.command.Parser.parseCreate(Parser.java:6784) ~[h2-2.1.214.jar:2.1.214]
	at org.h2.command.Parser.parsePrepared(Parser.java:763) ~[h2-2.1.214.jar:2.1.214]
	at org.h2.command.Parser.parse(Parser.java:689) ~[h2-2.1.214.jar:2.1.214]
	at org.h2.command.Parser.parse(Parser.java:661) ~[h2-2.1.214.jar:2.1.214]
	at org.h2.command.Parser.prepareCommand(Parser.java:569) ~[h2-2.1.214.jar:2.1.214]
	at org.h2.engine.SessionLocal.prepareLocal(SessionLocal.java:631) ~[h2-2.1.214.jar:2.1.214]
	at org.h2.engine.SessionLocal.prepareCommand(SessionLocal.java:554) ~[h2-2.1.214.jar:2.1.214]
	at org.h2.jdbc.JdbcConnection.prepareCommand(JdbcConnection.java:1116) ~[h2-2.1.214.jar:2.1.214]
	at org.h2.jdbc.JdbcStatement.executeInternal(JdbcStatement.java:237) ~[h2-2.1.214.jar:2.1.214]
	at org.h2.jdbc.JdbcStatement.execute(JdbcStatement.java:223) ~[h2-2.1.214.jar:2.1.214]
	at com.zaxxer.hikari.pool.ProxyStatement.execute(ProxyStatement.java:94) ~[HikariCP-5.0.1.jar:na]
	at com.zaxxer.hikari.pool.HikariProxyStatement.execute(HikariProxyStatement.java) ~[HikariCP-5.0.1.jar:na]
	at org.hibernate.tool.schema.internal.exec.GenerationTargetToDatabase.accept(GenerationTargetToDatabase.java:78) ~[hibernate-core-6.2.6.Final.jar:6.2.6.Final]
	... 118 common frames omitted

2023-08-12T18:16:56.695+02:00  INFO 31228 --- [           main] j.LocalContainerEntityManagerFactoryBean : Initialized JPA EntityManagerFactory for persistence unit 'default'
2023-08-12T18:16:58.102+02:00  WARN 31228 --- [           main] JpaBaseConfiguration$JpaWebConfiguration : spring.jpa.open-in-view is enabled by default. Therefore, database queries may be performed during view rendering. Explicitly configure spring.jpa.open-in-view to disable this warning
2023-08-12T18:16:58.317+02:00  WARN 31228 --- [           main] .s.s.UserDetailsServiceAutoConfiguration : 

Using generated security password: a0ace4a8-3dac-43f1-86a1-2fff681d649e

This generated password is for development use only. Your security configuration must be updated before running your application in production.

2023-08-12T18:16:58.724+02:00  INFO 31228 --- [           main] o.s.s.web.DefaultSecurityFilterChain     : Will secure any request with [org.springframework.security.web.session.DisableEncodeUrlFilter@56cf1e37, org.springframework.security.web.context.request.async.WebAsyncManagerIntegrationFilter@693c3e18, org.springframework.security.web.context.SecurityContextHolderFilter@7e655354, org.springframework.security.web.header.HeaderWriterFilter@56706abf, org.springframework.security.web.authentication.logout.LogoutFilter@e0649c, com.springbootapp.weatherapp.service.webfilter.CustomFilter@21da86c2, org.springframework.security.web.savedrequest.RequestCacheAwareFilter@3e5a5595, org.springframework.security.web.servletapi.SecurityContextHolderAwareRequestFilter@4c8512fe, org.springframework.security.web.authentication.AnonymousAuthenticationFilter@23dea00f, org.springframework.security.web.access.ExceptionTranslationFilter@448befa0, org.springframework.security.web.access.intercept.AuthorizationFilter@587cf600]
2023-08-12T18:17:00.458+02:00  INFO 31228 --- [           main] c.s.weatherapp.db.WeatherAppDbJunitTest  : Started WeatherAppDbJunitTest in 27.468 seconds (process running for 36.799)
]]></system-out>
  </testcase>
  <testcase name="testGetForecasts" classname="com.springbootapp.weatherapp.db.WeatherAppDbJunitTest" time="0.018"/>
  <testcase name="testAddForecast" classname="com.springbootapp.weatherapp.db.WeatherAppDbJunitTest" time="0.021"/>
</testsuite>