<?xml version="1.0" encoding="UTF-8"?>
<testsuite xmlns:xsi="http://www.w3.org/2001/XMLSchema-instance" xsi:noNamespaceSchemaLocation="https://maven.apache.org/surefire/maven-surefire-plugin/xsd/surefire-test-report-3.0.xsd" version="3.0" name="com.springbootapp.weatherapp.unit.WeatherAppJunitTest" time="5.109" tests="3" errors="0" skipped="0" failures="0">
  <properties>
[...]
</properties>
  <testcase name="testHazelcastCache" classname="com.springbootapp.weatherapp.unit.WeatherAppJunitTest" time="0.132">
    <system-out><![CDATA[2023-08-08T00:32:41.790+02:00  INFO 15140 --- [           main] t.c.s.AnnotationConfigContextLoaderUtils : Could not detect default configuration classes for test class [com.springbootapp.weatherapp.unit.WeatherAppJunitTest]: WeatherAppJunitTest does not declare any static, non-private, non-final, nested classes annotated with @Configuration.
2023-08-08T00:32:41.825+02:00  INFO 15140 --- [           main] .b.t.c.SpringBootTestContextBootstrapper : Found @SpringBootConfiguration com.springbootapp.weatherapp.WeatherAppApplication for test class com.springbootapp.weatherapp.unit.WeatherAppJunitTest

  .   ____          _            __ _ _
 /\\ / ___'_ __ _ _(_)_ __  __ _ \ \ \ \
( ( )\___ | '_ | '_| | '_ \/ _` | \ \ \ \
 \\/  ___)| |_)| | | | | || (_| |  ) ) ) )
  '  |____| .__|_| |_|_| |_\__, | / / / /
 =========|_|==============|___/=/_/_/_/
 :: Spring Boot ::                (v3.1.2)

2023-08-08T00:32:41.915+02:00  INFO 15140 --- [           main] c.s.weatherapp.unit.WeatherAppJunitTest  : Starting WeatherAppJunitTest using Java 17.0.7 with PID 15140 (started by destr in C:\Users\destr\IdeaProjects\weather-app)
2023-08-08T00:32:41.915+02:00  INFO 15140 --- [           main] c.s.weatherapp.unit.WeatherAppJunitTest  : No active profile set, falling back to 1 default profile: "default"
2023-08-08T00:32:42.934+02:00  INFO 15140 --- [           main] o.s.b.w.embedded.tomcat.TomcatWebServer  : Tomcat initialized with port(s): 0 (http)
2023-08-08T00:32:42.968+02:00  INFO 15140 --- [           main] o.apache.catalina.core.StandardService   : Starting service [Tomcat]
2023-08-08T00:32:42.969+02:00  INFO 15140 --- [           main] o.apache.catalina.core.StandardEngine    : Starting Servlet engine: [Apache Tomcat/10.1.11]
2023-08-08T00:32:43.243+02:00  INFO 15140 --- [           main] o.a.c.c.C.[Tomcat].[localhost].[/]       : Initializing Spring embedded WebApplicationContext
2023-08-08T00:32:43.244+02:00  INFO 15140 --- [           main] w.s.c.ServletWebServerApplicationContext : Root WebApplicationContext: initialization completed in 1323 ms
2023-08-08T00:32:43.556+02:00  WARN 15140 --- [           main] .s.s.UserDetailsServiceAutoConfiguration : 

Using generated security password: 1e5e035d-923d-4ff1-9c71-dc9d27fb7f48

This generated password is for development use only. Your security configuration must be updated before running your application in production.

2023-08-08T00:32:43.571+02:00  INFO 15140 --- [           main] o.s.s.web.DefaultSecurityFilterChain     : Will secure any request with [org.springframework.security.web.session.DisableEncodeUrlFilter@78b632b9, org.springframework.security.web.context.request.async.WebAsyncManagerIntegrationFilter@4afbbe76, org.springframework.security.web.context.SecurityContextHolderFilter@3b91f637, org.springframework.security.web.header.HeaderWriterFilter@6cb71851, org.springframework.security.web.csrf.CsrfFilter@4fc62b5d, org.springframework.security.web.authentication.logout.LogoutFilter@206bd519, com.springbootapp.weatherapp.service.webfilter.CustomFilter@2322d697, org.springframework.security.web.savedrequest.RequestCacheAwareFilter@45f3aedb, org.springframework.security.web.servletapi.SecurityContextHolderAwareRequestFilter@405e4435, org.springframework.security.web.authentication.AnonymousAuthenticationFilter@5d1f0cf7, org.springframework.security.web.access.ExceptionTranslationFilter@45f80a0a]
2023-08-08T00:32:43.800+02:00  INFO 15140 --- [           main] o.s.b.w.embedded.tomcat.TomcatWebServer  : Tomcat started on port(s): 63615 (http) with context path ''
2023-08-08T00:32:43.811+02:00  INFO 15140 --- [           main] c.s.weatherapp.unit.WeatherAppJunitTest  : Started WeatherAppJunitTest in 1.98 seconds (process running for 16.987)
]]></system-out>
  </testcase>
  <testcase name="testGetMuns" classname="com.springbootapp.weatherapp.unit.WeatherAppJunitTest" time="2.919"/>
  <testcase name="testMapStruct" classname="com.springbootapp.weatherapp.unit.WeatherAppJunitTest" time="0.014"/>
</testsuite>